sell/proguard-rules.pro
-keep public class android.support.v7.widget.** { *; }
-keep public class android.support.v7.internal.widget.** { *; }
-keep public class android.support.v7.internal.view.menu.** { *; }

-keep public class * extends android.support.v4.view.ActionProvider {
    public <init>(android.content.Context);
}

-keepattributes *Annotation*
-keepattributes Signature
-dontwarn android.net.SSLCertificateSocketFactory
-dontwarn android.app.Notification
-dontwarn com.squareup.**
-dontwarn okio.**

-dontwarn android.support.design.**
-keep class android.support.design.** { *; }
-keep interface android.support.design.** { *; }
-keep public class android.support.design.R$* { *; }

-keep class com.crashlytics.** { *; }
-keep class com.crashlytics.android.**
-keepattributes SourceFile,LineNumberTable,*Annotation*