sell/mapping/release-10100/seeds.txt
net.honarnama.sell.HonarnamaSellApp
net.honarnama.sell.HonarnamaSellApp: HonarnamaSellApp()
net.honarnama.sell.R$anim
net.honarnama.sell.R$anim: int abc_fade_in
net.honarnama.sell.R$anim: int abc_fade_out
net.honarnama.sell.R$anim: int abc_grow_fade_in_from_bottom
net.honarnama.sell.R$anim: int abc_popup_enter
net.honarnama.sell.R$anim: int abc_popup_exit
net.honarnama.sell.R$anim: int abc_shrink_fade_out_from_bottom
net.honarnama.sell.R$anim: int abc_slide_in_bottom
net.honarnama.sell.R$anim: int abc_slide_in_top
net.honarnama.sell.R$anim: int abc_slide_out_bottom
net.honarnama.sell.R$anim: int abc_slide_out_top
net.honarnama.sell.R$anim: int design_bottom_sheet_slide_in
net.honarnama.sell.R$anim: int design_bottom_sheet_slide_out
net.honarnama.sell.R$anim: int design_fab_in
net.honarnama.sell.R$anim: int design_fab_out
net.honarnama.sell.R$anim: int design_snackbar_in
net.honarnama.sell.R$anim: int design_snackbar_out
net.honarnama.sell.R$array
net.honarnama.sell.R$array: int days
net.honarnama.sell.R$array: int months
net.honarnama.sell.R$array: int years
net.honarnama.sell.R$attr
net.honarnama.sell.R$attr: int actionBarDivider
net.honarnama.sell.R$attr: int actionBarItemBackground
net.honarnama.sell.R$attr: int actionBarPopupTheme
net.honarnama.sell.R$attr: int actionBarSize
net.honarnama.sell.R$attr: int actionBarSplitStyle
net.honarnama.sell.R$attr: int actionBarStyle
net.honarnama.sell.R$attr: int actionBarTabBarStyle
net.honarnama.sell.R$attr: int actionBarTabStyle
net.honarnama.sell.R$attr: int actionBarTabTextStyle
net.honarnama.sell.R$attr: int actionBarTheme
net.honarnama.sell.R$attr: int actionBarWidgetTheme
net.honarnama.sell.R$attr: int actionButtonStyle
net.honarnama.sell.R$attr: int actionDropDownStyle
net.honarnama.sell.R$attr: int actionLayout
net.honarnama.sell.R$attr: int actionMenuTextAppearance
net.honarnama.sell.R$attr: int actionMenuTextColor
net.honarnama.sell.R$attr: int actionModeBackground
net.honarnama.sell.R$attr: int actionModeCloseButtonStyle
net.honarnama.sell.R$attr: int actionModeCloseDrawable
net.honarnama.sell.R$attr: int actionModeCopyDrawable
net.honarnama.sell.R$attr: int actionModeCutDrawable
net.honarnama.sell.R$attr: int actionModeFindDrawable
net.honarnama.sell.R$attr: int actionModePasteDrawable
net.honarnama.sell.R$attr: int actionModePopupWindowStyle
net.honarnama.sell.R$attr: int actionModeSelectAllDrawable
net.honarnama.sell.R$attr: int actionModeShareDrawable
net.honarnama.sell.R$attr: int actionModeSplitBackground
net.honarnama.sell.R$attr: int actionModeStyle
net.honarnama.sell.R$bool
net.honarnama.sell.R$bool: int abc_action_bar_embed_tabs
net.honarnama.sell.R$bool: int abc_action_bar_embed_tabs_pre_jb
net.honarnama.sell.R$bool: int abc_action_bar_expanded_action_views_exclusive
net.honarnama.sell.R$bool: int abc_allow_stacked_button_bar
net.honarnama.sell.R$bool: int abc_config_actionMenuItemAllCaps
net.honarnama.sell.R$bool: int abc_config_allowActionMenuItemTextWithIcon
net.honarnama.sell.R$bool: int abc_config_closeDialogWhenTouchOutside
net.honarnama.sell.R$bool: int abc_config_showMenuShortcutsWhenKeyboardPresent
...
android.support.v7.widget.StaggeredGridLayoutManager$LazySpanLookup$FullSpanItem
android.support.v7.widget.StaggeredGridLayoutManager$LazySpanLookup$FullSpanItem: android.os.Parcelable$Creator CREATOR
android.support.v7.widget.StaggeredGridLayoutManager$SavedState
android.support.v7.widget.StaggeredGridLayoutManager$SavedState: int mAnchorPosition
android.support.v7.widget.StaggeredGridLayoutManager$SavedState: int mVisibleAnchorPosition
android.support.v7.widget.StaggeredGridLayoutManager$SavedState: int mSpanOffsetsSize
android.support.v7.widget.StaggeredGridLayoutManager$SavedState: int[] mSpanOffsets
android.support.v7.widget.StaggeredGridLayoutManager$SavedState: int mSpanLookupSize
android.support.v7.widget.StaggeredGridLayoutManager$SavedState: int[] mSpanLookup
android.support.v7.widget.StaggeredGridLayoutManager$SavedState: java.util.List mFullSpanItems
android.support.v7.widget.StaggeredGridLayoutManager$SavedState: boolean mReverseLayout
android.support.v7.widget.StaggeredGridLayoutManager$SavedState: boolean mAnchorLayoutFromEnd
android.support.v7.widget.StaggeredGridLayoutManager$SavedState: boolean mLastLayoutRTL
android.support.v7.widget.StaggeredGridLayoutManager$SavedState: android.os.Parcelable$Creator CREATOR
android.support.v7.widget.StaggeredGridLayoutManager$SavedState: StaggeredGridLayoutManager$SavedState()
android.support.v7.widget.StaggeredGridLayoutManager$SavedState: StaggeredGridLayoutManager$SavedState(android.os.Parcel)
android.support.v7.widget.StaggeredGridLayoutManager$SavedState: StaggeredGridLayoutManager$SavedState(android.support.v7.widget.StaggeredGridLayoutManager$SavedState)
android.support.v7.widget.SwitchCompat
android.support.v7.widget.SwitchCompat: int THUMB_ANIMATION_DURATION
android.support.v7.widget.SwitchCompat: int TOUCH_MODE_IDLE
android.support.v7.widget.SwitchCompat: int TOUCH_MODE_DOWN
android.support.v7.widget.SwitchCompat: int TOUCH_MODE_DRAGGING
android.support.v7.widget.SwitchCompat: java.lang.String ACCESSIBILITY_EVENT_CLASS_NAME
android.support.v7.widget.SwitchCompat: int SANS
android.support.v7.widget.SwitchCompat: int SERIF
android.support.v7.widget.SwitchCompat: int MONOSPACE
android.support.v7.widget.SwitchCompat: android.graphics.drawable.Drawable mThumbDrawable
android.support.v7.widget.SwitchCompat: android.graphics.drawable.Drawable mTrackDrawable
android.support.v7.widget.SwitchCompat: int mThumbTextPadding
android.support.v7.widget.SwitchCompat: int mSwitchMinWidth
android.support.v7.widget.SwitchCompat: int mSwitchPadding
android.support.v7.widget.SwitchCompat: boolean mSplitTrack
android.support.v7.widget.SwitchCompat: java.lang.CharSequence mTextOn
android.support.v7.widget.SwitchCompat: java.lang.CharSequence mTextOff
android.support.v7.widget.SwitchCompat: boolean mShowText
android.support.v7.widget.SwitchCompat: int mTouchMode
android.support.v7.widget.SwitchCompat: int mTouchSlop
android.support.v7.widget.SwitchCompat: float mTouchX
android.support.v7.widget.SwitchCompat: float mTouchY
android.support.v7.widget.SwitchCompat: android.view.VelocityTracker mVelocityTracker
android.support.v7.widget.ThemedSpinnerAdapter
android.support.v7.widget.ThemedSpinnerAdapter: void setDropDownViewTheme(android.content.res.Resources$Theme)
android.support.v7.widget.ThemedSpinnerAdapter: android.content.res.Resources$Theme getDropDownViewTheme()