sell/mapping/release-10100/mapping.txt
net.honarnama.sell.HonarnamaSellApp -> net.honarnama.sell.HonarnamaSellApp:
    java.lang.String STORE_LOGO_FILE_NAME -> j
    java.lang.String STORE_BANNER_FILE_NAME -> k
    java.lang.Thread$UncaughtExceptionHandler _unCaughtExceptionHandler -> l
    com.google.android.gms.analytics.Tracker mTracker -> m
    34:68:void <init>() -> <init>
    72:78:void onCreate() -> onCreate
    88:93:com.google.android.gms.analytics.Tracker getDefaultTracker() -> d
    25:26:void <clinit>() -> <clinit>
net.honarnama.sell.HonarnamaSellApp$1 -> net.honarnama.sell.a:
    net.honarnama.sell.HonarnamaSellApp this$0 -> a
    35:35:void <init>(net.honarnama.sell.HonarnamaSellApp) -> <init>
    39:60:void uncaughtException(java.lang.Thread,java.lang.Throwable) -> uncaughtException
net.honarnama.sell.R -> net.honarnama.sell.R:
net.honarnama.sell.R$anim -> net.honarnama.sell.R$anim:
    int abc_fade_in -> abc_fade_in
    int abc_fade_out -> abc_fade_out
    int abc_grow_fade_in_from_bottom -> abc_grow_fade_in_from_bottom
    int abc_popup_enter -> abc_popup_enter
    int abc_popup_exit -> abc_popup_exit
    int abc_shrink_fade_out_from_bottom -> abc_shrink_fade_out_from_bottom
    int abc_slide_in_bottom -> abc_slide_in_bottom
    int abc_slide_in_top -> abc_slide_in_top
    int abc_slide_out_bottom -> abc_slide_out_bottom
    int abc_slide_out_top -> abc_slide_out_top
    int design_bottom_sheet_slide_in -> design_bottom_sheet_slide_in
    int design_bottom_sheet_slide_out -> design_bottom_sheet_slide_out
    int design_fab_in -> design_fab_in
    int design_fab_out -> design_fab_out
    int design_snackbar_in -> design_snackbar_in
    int design_snackbar_out -> design_snackbar_out
    11:11:void <init>() -> <init>
net.honarnama.sell.R$array -> net.honarnama.sell.R$array:
    int days -> days
    int months -> months
    int years -> years
    29:29:void <init>() -> <init>
net.honarnama.sell.R$attr -> net.honarnama.sell.R$attr:
    int actionBarDivider -> actionBarDivider
    int actionBarItemBackground -> actionBarItemBackground
    int actionBarPopupTheme -> actionBarPopupTheme
    int actionBarSize -> actionBarSize
    int actionBarSplitStyle -> actionBarSplitStyle
    int actionBarStyle -> actionBarStyle
    int actionBarTabBarStyle -> actionBarTabBarStyle
    int actionBarTabStyle -> actionBarTabStyle
    int actionBarTabTextStyle -> actionBarTabTextStyle
    int actionBarTheme -> actionBarTheme
    int actionBarWidgetTheme -> actionBarWidgetTheme
    int actionButtonStyle -> actionButtonStyle
    int actionDropDownStyle -> actionDropDownStyle
    int actionLayout -> actionLayout
    int actionMenuTextAppearance -> actionMenuTextAppearance
    int actionMenuTextColor -> actionMenuTextColor
    int actionModeBackground -> actionModeBackground
    int actionModeCloseButtonStyle -> actionModeCloseButtonStyle
    int actionModeCloseDrawable -> actionModeCloseDrawable
    int actionModeCopyDrawable -> actionModeCopyDrawable
    int actionModeCutDrawable -> actionModeCutDrawable
    int actionModeFindDrawable -> actionModeFindDrawable
    int actionModePasteDrawable -> actionModePasteDrawable
    int actionModePopupWindowStyle -> actionModePopupWindowStyle
    int actionModeSelectAllDrawable -> actionModeSelectAllDrawable
    int actionModeShareDrawable -> actionModeShareDrawable
    int actionModeSplitBackground -> actionModeSplitBackground
...
com.google.common.collect.Maps$EntryFunction -> com.google.a.b.aq:
    com.google.common.collect.Maps$EntryFunction KEY -> a
    com.google.common.collect.Maps$EntryFunction VALUE -> b
    com.google.common.collect.Maps$EntryFunction[] $VALUES -> c
    88:88:com.google.common.collect.Maps$EntryFunction[] values() -> values
    88:88:com.google.common.collect.Maps$EntryFunction valueOf(java.lang.String) -> valueOf
    88:88:void <init>(java.lang.String,int) -> <init>
    88:88:void <init>(java.lang.String,int,com.google.common.collect.Maps$1) -> <init>
    88:96:void <clinit>() -> <clinit>
com.google.common.collect.Maps$EntryFunction$1 -> com.google.a.b.ar:
    89:89:void <init>(java.lang.String,int) -> <init>
    93:93:java.lang.Object apply(java.util.Map$Entry) -> a
    89:89:java.lang.Object apply(java.lang.Object) -> a
com.google.common.collect.Maps$EntryFunction$2 -> com.google.a.b.as:
    96:96:void <init>(java.lang.String,int) -> <init>
    100:100:java.lang.Object apply(java.util.Map$Entry) -> a
    96:96:java.lang.Object apply(java.lang.Object) -> a
com.google.common.collect.ObjectArrays -> com.google.a.b.at:
    java.lang.Object[] EMPTY_ARRAY -> a
    61:61:java.lang.Object[] newArray(java.lang.Object[],int) -> a
    112:114:java.lang.Object[] arraysCopyOf(java.lang.Object[],int) -> b
    37:37:void <clinit>() -> <clinit>
com.google.common.collect.Ordering -> com.google.a.b.au:
    165:165:com.google.common.collect.Ordering from(java.util.Comparator) -> a
    368:368:void <init>() -> <init>
    416:416:com.google.common.collect.Ordering onResultOf(com.google.common.base.Function) -> a
    int compare(java.lang.Object,java.lang.Object) -> compare
com.google.common.collect.Platform -> com.google.a.b.av:
    50:56:java.lang.Object[] newArray(java.lang.Object[],int) -> a
com.google.common.collect.RegularImmutableAsList -> com.google.a.b.aw:
    com.google.common.collect.ImmutableCollection delegate -> a
    com.google.common.collect.ImmutableList delegateList -> b
    35:38:void <init>(com.google.common.collect.ImmutableCollection,com.google.common.collect.ImmutableList) -> <init>
    41:42:void <init>(com.google.common.collect.ImmutableCollection,java.lang.Object[]) -> <init>
    46:46:com.google.common.collect.ImmutableCollection delegateCollection() -> a
    56:56:com.google.common.collect.UnmodifiableListIterator listIterator(int) -> a
    62:62:int copyIntoArray(java.lang.Object[],int) -> a
    67:67:java.lang.Object get(int) -> get
    29:29:java.util.ListIterator listIterator(int) -> listIterator
com.google.common.collect.RegularImmutableBiMap -> com.google.a.b.ax:
    com.google.common.collect.RegularImmutableBiMap EMPTY -> b
    com.google.common.collect.ImmutableMapEntry[] keyTable -> c
    com.google.common.collect.ImmutableMapEntry[] valueTable -> d
    java.util.Map$Entry[] entries -> e
    int mask -> f
    int hashCode -> g
    com.google.common.collect.ImmutableBiMap inverse -> h
    115:121:void <init>(com.google.common.collect.ImmutableMapEntry[],com.google.common.collect.ImmutableMapEntry[],java.util.Map$Entry[],int,int) -> <init>
    135:135:java.lang.Object get(java.lang.Object) -> get
    140:140:com.google.common.collect.ImmutableSet createEntrySet() -> h
    147:147:boolean isHashCodeFast() -> l
    152:152:int hashCode() -> hashCode
    162:162:int size() -> size
    169:173:com.google.common.collect.ImmutableBiMap inverse() -> b
    39:39:com.google.common.collect.ImmutableMapEntry[] access$100(com.google.common.collect.RegularImmutableBiMap) -> a
    39:39:int access$200(com.google.common.collect.RegularImmutableBiMap) -> b
    39:39:int access$300(com.google.common.collect.RegularImmutableBiMap) -> c
    39:39:java.util.Map$Entry[] access$400(com.google.common.collect.RegularImmutableBiMap) -> d
    40:40:void <clinit>() -> <clinit>
com.google.common.collect.RegularImmutableBiMap$1 -> com.google.a.b.ay: