sell/mapping/release-10100/usage.txt
net.honarnama.sell.BuildConfig
net.honarnama.sell.HonarnamaSellApp:
    private java.lang.Thread$UncaughtExceptionHandler defaultUEH
    public static final java.lang.String PRODUCTION_TAG
net.honarnama.sell.R:
    10:3929:public R()
net.honarnama.sell.SellGRPCUtils
net.honarnama.sell.activity.ControlPanelActivity:
    public static final int ITEM_IDENTIFIER_ACCOUNT
    public static final int ITEM_IDENTIFIER_STORE_INFO
    public static final int ITEM_IDENTIFIER_ITEMS
    public static final int ITEM_IDENTIFIER_ADD_ITEM
    public static final int ITEM_IDENTIFIER_EVENT_MANAGER
    public static final int ITEM_IDENTIFIER_CONTACT
    public static final int ITEM_IDENTIFIER_RULES
    public static final int ITEM_IDENTIFIER_ABOUT
    public static final int ITEM_IDENTIFIER_SHARE
    public static final int ITEM_IDENTIFIER_SUPPORT
    public static final int ITEM_IDENTIFIER_SWITCH_APP
    public static final int ITEM_IDENTIFIER_EXIT
    650:665:private void removeTempFiles()
net.honarnama.sell.activity.ForgotPasswordActivity:
    86:87:void kill_activity()
net.honarnama.sell.activity.HonarnamaSellActivity:
    29:35:public void checkGooglePlayServicesUpdate()
net.honarnama.sell.adapter.ItemsAdapter:
    public static final java.lang.String DEBUG_TAG
net.honarnama.sell.fragments.EditItemFragment:
    private static final java.lang.String SAVE_INSTANCE_STATE_KEY_DIRTY
    private static final java.lang.String SAVE_INSTANCE_STATE_KEY_ITEM_ID
    private static final java.lang.String SAVE_INSTANCE_STATE_KEY_TITLE
    private static final java.lang.String SAVE_INSTANCE_STATE_KEY_DESCRIPTION
    private static final java.lang.String SAVE_INSTANCE_STATE_KEY_PRICE
    private static final java.lang.String SAVE_INSTANCE_STATE_KEY_CATEGORY_ID
    private static final java.lang.String SAVE_INSTANCE_STATE_KEY_CATEGORY_PARENT_ID
    private static final java.lang.String SAVE_INSTANCE_STATE_KEY_CATEGORY_NAME
    private static final java.lang.String SAVE_INSTANCE_STATE_KEY_CONTENT_IS_VISIBLE
net.honarnama.sell.fragments.EventManagerFragment:
    private static final java.lang.String SAVE_INSTANCE_STATE_KEY_EVENT_ID
    private static final java.lang.String SAVE_INSTANCE_STATE_KEY_DIRTY
    private static final java.lang.String SAVE_INSTANCE_STATE_KEY_NAME
    private static final java.lang.String SAVE_INSTANCE_STATE_KEY_CATEGORY
    private static final java.lang.String SAVE_INSTANCE_STATE_KEY_PROVINCE_ID
    private static final java.lang.String SAVE_INSTANCE_STATE_KEY_PROVINCE_NAME
    private static final java.lang.String SAVE_INSTANCE_STATE_KEY_CITY_ID
    private static final java.lang.String SAVE_INSTANCE_STATE_KEY_CITY_NAME
    private static final java.lang.String SAVE_INSTANCE_STATE_KEY_DESC
    private static final java.lang.String SAVE_INSTANCE_STATE_KEY_ADDR
    private static final java.lang.String SAVE_INSTANCE_STATE_KEY_PHONE
    private static final java.lang.String SAVE_INSTANCE_STATE_KEY_CELL
    private static final java.lang.String SAVE_INSTANCE_STATE_KEY_ACTIVE
    private static final java.lang.String SAVE_INSTANCE_STATE_KEY_CONTENT_IS_VISIBLE
    private static final java.lang.String SAVE_INSTANCE_STATE_KEY_REVIEW_STATUS
    private static final java.lang.String SAVE_INSTANCE_STATE_KEY_START_DATE
    private static final java.lang.String SAVE_INSTANCE_STATE_KEY_END_DATE
    private static final java.lang.String SAVE_INSTANCE_STATE_KEY_START_YEAR
    private static final java.lang.String SAVE_INSTANCE_STATE_KEY_START_MONTH
net.honarnama.sell.fragments.NoNetworkFragment
...
com.google.common.collect.ImmutableMultimap$Itr
com.google.common.collect.ImmutableMultimap$Keys
com.google.common.collect.ImmutableMultimap$Values
com.google.common.collect.ImmutableMultiset
com.google.common.collect.ImmutableMultiset$1
com.google.common.collect.ImmutableMultiset$Builder
com.google.common.collect.ImmutableMultiset$EntrySet
com.google.common.collect.ImmutableMultiset$EntrySetSerializedForm
com.google.common.collect.ImmutableMultiset$SerializedForm
com.google.common.collect.ImmutableRangeMap
com.google.common.collect.ImmutableRangeMap$1
com.google.common.collect.ImmutableRangeMap$2
com.google.common.collect.ImmutableRangeMap$Builder
com.google.common.collect.ImmutableRangeMap$SerializedForm
com.google.common.collect.ImmutableRangeSet
com.google.common.collect.ImmutableRangeSet$1
com.google.common.collect.ImmutableRangeSet$AsSet
com.google.common.collect.ImmutableRangeSet$AsSet$1
com.google.common.collect.ImmutableRangeSet$AsSet$2
com.google.common.collect.ImmutableRangeSet$AsSetSerializedForm
com.google.common.collect.ImmutableRangeSet$Builder
com.google.common.collect.ImmutableRangeSet$ComplementRanges
com.google.common.collect.ImmutableRangeSet$SerializedForm
com.google.common.collect.ImmutableSet:
    static final int MAX_TABLE_SIZE
    private static final double DESIRED_LOAD_FACTOR
    private static final int CUTOFF
    69:69:public static com.google.common.collect.ImmutableSet of(java.lang.Object,java.lang.Object)
    78:78:public static com.google.common.collect.ImmutableSet of(java.lang.Object,java.lang.Object,java.lang.Object)
    87:87:public static com.google.common.collect.ImmutableSet of(java.lang.Object,java.lang.Object,java.lang.Object,java.lang.Object)
    96:96:public static com.google.common.collect.ImmutableSet of(java.lang.Object,java.lang.Object,java.lang.Object,java.lang.Object,java.lang.Object)
    107:116:public static varargs com.google.common.collect.ImmutableSet of(java.lang.Object,java.lang.Object,java.lang.Object,java.lang.Object,java.lang.Object,java.lang.Object,java.lang.Object[])
    135:182:private static varargs com.google.common.collect.ImmutableSet construct(int,java.lang.Object[])
    206:217:static int chooseTableSize(int)
    237:247:public static com.google.common.collect.ImmutableSet copyOf(java.util.Collection)
    263:263:public static com.google.common.collect.ImmutableSet copyOf(java.lang.Iterable)
    276:283:public static com.google.common.collect.ImmutableSet copyOf(java.util.Iterator)
    298:304:public static com.google.common.collect.ImmutableSet copyOf(java.lang.Object[])
    310:310:private static com.google.common.collect.ImmutableSet copyOfEnumSet(java.util.EnumSet)
com.google.common.collect.ImmutableSet$Builder
com.google.common.collect.ImmutableSet$SerializedForm
com.google.common.collect.ImmutableSetMultimap
com.google.common.collect.ImmutableSetMultimap$Builder
com.google.common.collect.ImmutableSetMultimap$EntrySet
com.google.common.collect.ImmutableSortedAsList
com.google.common.collect.ImmutableSortedMap
com.google.common.collect.ImmutableSortedMap$1EntrySet
com.google.common.collect.ImmutableSortedMap$1EntrySet$1
com.google.common.collect.ImmutableSortedMap$Builder
com.google.common.collect.ImmutableSortedMap$SerializedForm
com.google.common.collect.ImmutableSortedMapFauxverideShim
com.google.common.collect.ImmutableSortedMultiset
com.google.common.collect.ImmutableSortedMultiset$Builder
com.google.common.collect.ImmutableSortedMultiset$SerializedForm
com.google.common.collect.ImmutableSortedMultisetFauxverideShim
com.google.common.collect.ImmutableSortedSet
com.google.common.collect.ImmutableSortedSet$Builder
com.google.common.collect.ImmutableSortedSet$SerializedForm
com.google.common.collect.ImmutableSortedSetFauxverideShim
com.google.common.collect.ImmutableTable
com.google.common.collect.ImmutableTable$Builder
com.google.common.collect.Interner
com.google.common.collect.Interners
com.google.common.collect.Interners$1